<?xml version="1.0" encoding="UTF-8"?>
<!-- Generated by org.testng.reporters.JUnitXMLReporter -->
<testsuite ignored="4" hostname="Chitra" failures="0" tests="1" name="Default test" time="3.11" errors="0" timestamp="2023-03-13T20:48:29 CDT">
  <testcase classname="APITests.APITestCases" name="TestCase1" time="2.367"/>
  <testcase classname="APITests.APITestCases" name="TestCase4" time="0.0">
    <ignored/>
  </testcase> <!-- TestCase4 -->
  <testcase classname="APITests.APITestCases" name="TestCase3" time="0.0">
    <ignored/>
  </testcase> <!-- TestCase3 -->
  <testcase classname="APITests.APITestCases" name="TestCase2" time="0.0">
    <ignored/>
  </testcase> <!-- TestCase2 -->
  <testcase classname="APITests.APITestCases" name="TestCase5" time="0.0">
    <ignored/>
  </testcase> <!-- TestCase5 -->
</testsuite> <!-- Default test -->
