<?xml version="1.0" encoding="UTF-8"?>
<testng-results ignored="4" total="5" passed="1" failed="0" skipped="0">
  <reporter-output>
  </reporter-output>
  <suite started-at="2023-03-13T20:48:26 CDT" name="Default suite" finished-at="2023-03-13T20:48:29 CDT" duration-ms="3110">
    <groups>
    </groups>
    <test started-at="2023-03-13T20:48:26 CDT" name="Default test" finished-at="2023-03-13T20:48:29 CDT" duration-ms="3110">
      <class name="APITests.APITestCases">
        <test-method is-config="true" signature="init()[pri:0, instance:APITests.APITestCases@741a8937]" started-at="2023-03-13T20:48:26 CDT" name="init" finished-at="2023-03-13T20:48:26 CDT" duration-ms="679" status="PASS">
          <reporter-output>
          </reporter-output>
        </test-method> <!-- init -->
        <test-method signature="TestCase1()[pri:0, instance:APITests.APITestCases@741a8937]" started-at="2023-03-13T20:48:26 CDT" name="TestCase1" finished-at="2023-03-13T20:48:29 CDT" duration-ms="2367" status="PASS">
          <reporter-output>
          </reporter-output>
        </test-method> <!-- TestCase1 -->
      </class> <!-- APITests.APITestCases -->
    </test> <!-- Default test -->
  </suite> <!-- Default suite -->
</testng-results>
